生成启动时间为 2013/8/26 22:14:18。
     1>项目“C:\Users\liupan\Documents\GitHub\FunGL\FunGL\FunGL\FunGL.vcxproj”在节点 2 上(build 个目标)。
     1>InitializeBuildStatus:
         正在对“Debug\FunGL.unsuccessfulbuild”执行 Touch 任务。
       ClCompile:
         C:\Program Files\Microsoft Visual Studio 10.0\VC\bin\CL.exe /c /ZI /nologo /W3 /WX- /Od /Oy- /D _MBCS /Gm /EHsc /RTC1 /MDd /GS /fp:precise /Zc:wchar_t /Zc:forScope /Fo"Debug\\" /Fd"Debug\vc100.pdb" /Gd /TP /analyze- /errorReport:prompt Matrix44.cpp
         Matrix44.cpp
       Link:
         C:\Program Files\Microsoft Visual Studio 10.0\VC\bin\link.exe /ERRORREPORT:PROMPT /OUT:"C:\Users\liupan\Documents\GitHub\FunGL\FunGL\Debug\FunGL.exe" /NOLOGO kernel32.lib user32.lib gdi32.lib winspool.lib comdlg32.lib advapi32.lib shell32.lib ole32.lib oleaut32.lib uuid.lib odbc32.lib odbccp32.lib /MANIFEST /ManifestFile:"Debug\FunGL.exe.intermediate.manifest" /MANIFESTUAC:"level='asInvoker' uiAccess='false'" /DEBUG /PDB:"C:\Users\liupan\Documents\GitHub\FunGL\FunGL\Debug\FunGL.pdb" /TLBID:1 /DYNAMICBASE /NXCOMPAT /IMPLIB:"C:\Users\liupan\Documents\GitHub\FunGL\FunGL\Debug\FunGL.lib" /MACHINE:X86 Debug\Main.obj
         Debug\Matrix44.obj
         LINK : 没有找到 C:\Users\liupan\Documents\GitHub\FunGL\FunGL\Debug\FunGL.exe 或上一个增量链接没有生成它；正在执行完全链接
         FunGL.vcxproj -> C:\Users\liupan\Documents\GitHub\FunGL\FunGL\Debug\FunGL.exe
       Manifest:
         C:\Program Files\Microsoft SDKs\Windows\v7.0A\bin\mt.exe /nologo /verbose /outputresource:"C:\Users\liupan\Documents\GitHub\FunGL\FunGL\Debug\FunGL.exe;#1" /manifest Debug\FunGL.exe.intermediate.manifest
       FinalizeBuildStatus:
         正在删除文件“Debug\FunGL.unsuccessfulbuild”。
         正在对“Debug\FunGL.lastbuildstate”执行 Touch 任务。
     1>已完成生成项目“C:\Users\liupan\Documents\GitHub\FunGL\FunGL\FunGL\FunGL.vcxproj”(build 个目标)的操作。

生成成功。

已用时间 00:00:00.78
