生成启动时间为 2013/9/20 11:06:27。
     1>项目“D:\GitSet\FunGL\FunGL\FunGL.vcxproj”在节点 2 上(build 个目标)。
     1>InitializeBuildStatus:
         正在对“Debug\FunGL.unsuccessfulbuild”执行 Touch 任务。
       ClCompile:
         C:\Program Files\Microsoft Visual Studio 10.0\VC\bin\CL.exe /c /ZI /nologo /W3 /WX- /Od /Oy- /D _MBCS /Gm /EHsc /RTC1 /MDd /GS /fp:precise /Zc:wchar_t /Zc:forScope /Fo"Debug\\" /Fd"Debug\vc100.pdb" /Gd /TP /analyze- /errorReport:prompt DisplayObject.cpp Triangle.cpp Vertex.cpp
         Vertex.cpp
         正在生成代码...
         正在编译...
         DisplayObject.cpp
     1>c:\program files\microsoft visual studio 10.0\vc\include\xmemory(48): error C2558: class“Vertex”: 没有可用的复制构造函数或复制构造函数声明为“explicit”
                 c:\program files\microsoft visual studio 10.0\vc\include\xmemory(197): 参见对正在编译的函数 模板 实例化“void std::_Construct<Vertex,const _Ty&>(_Ty1 *,_Ty2)”的引用
                 with
                 [
                     _Ty=Vertex,
                     _Ty1=Vertex,
                     _Ty2=const Vertex &
                 ]
                 c:\program files\microsoft visual studio 10.0\vc\include\xmemory(196): 编译类 模板 成员函数“void std::allocator<_Ty>::construct(Vertex *,const _Ty &)”时
                 with
                 [
                     _Ty=Vertex
                 ]
                 c:\program files\microsoft visual studio 10.0\vc\include\vector(421): 参见对正在编译的类 模板 实例化“std::allocator<_Ty>”的引用
                 with
                 [
                     _Ty=Vertex
                 ]
                 c:\program files\microsoft visual studio 10.0\vc\include\vector(481): 参见对正在编译的类 模板 实例化“std::_Vector_val<_Ty,_Alloc>”的引用
                 with
                 [
                     _Ty=Vertex,
                     _Alloc=std::allocator<Vertex>
                 ]
                 d:\gitset\fungl\fungl\displayobject.h(8): 参见对正在编译的类 模板 实例化“std::vector<_Ty>”的引用
                 with
                 [
                     _Ty=Vertex
                 ]
         正在生成代码...
         正在跳过...(未检测到相关更改)
         Triangle.cpp
     1>已完成生成项目“D:\GitSet\FunGL\FunGL\FunGL.vcxproj”(build 个目标)的操作 - 失败。

生成失败。

已用时间 00:00:01.75
